[0m[[0m[0mdebug[0m] [0m[0m> Exec(run, Some(0fc25a13-485f-4a0f-8e32-62dd31b2ed52), Some(CommandSource(console0)))[0m
[0m[[0m[0mdebug[0m] [0m[0mEvaluating tasks: Compile / run[0m
[0m[[0m[0mdebug[0m] [0m[0mRunning task... Cancel: bloop.integrations.sbt.Offloader$$anon$1@4d9cf71d, check cycles: false, forcegc: true[0m
[0m[[0m[0minfo[0m] [0m[0mcompiling 2 Scala sources to /Users/karanshah/CSE562/kshah23/target/scala-2.12/classes ...[0m
[0m[[0m[31merror[0m] [0m[0m/Users/karanshah/CSE562/kshah23/src/main/scala/microbase/Microbase.scala:147:47: class Option takes type parameters[0m
[0m[[0m[31merror[0m] [0m[0m                                var Condition:Option = condition.get.transformUp[0m
[0m[[0m[31merror[0m] [0m[0m                                              ^[0m
[0m[[0m[31merror[0m] [0m[0m/Users/karanshah/CSE562/kshah23/src/main/scala/microbase/Microbase.scala:151:126: type mismatch;[0m
[0m[[0m[31merror[0m] [0m[0m found   : scala.collection.mutable.ArrayBuffer[org.apache.spark.sql.catalyst.expressions.Attribute][0m
[0m[[0m[31merror[0m] [0m[0m required: org.apache.spark.sql.catalyst.expressions.Expression[0m
[0m[[0m[31merror[0m] [0m[0m                                        var newAttribute: expressions.Expression = scala.collection.mutable.ArrayBuffer.empty[Attribute][0m
[0m[[0m[31merror[0m] [0m[0m                                                                                                                             ^[0m
[0m[[0m[31merror[0m] [0m[0m/Users/karanshah/CSE562/kshah23/src/main/scala/microbase/Microbase.scala:158:66: value append is not a member of org.apache.spark.sql.catalyst.expressions.Expression[0m
[0m[[0m[31merror[0m] [0m[0m                                                    newAttribute.append(x)[0m
[0m[[0m[31merror[0m] [0m[0m                                                                 ^[0m
[0m[[0m[31merror[0m] [0m[0m/Users/karanshah/CSE562/kshah23/src/main/scala/microbase/Microbase.scala:169:66: value append is not a member of org.apache.spark.sql.catalyst.expressions.Expression[0m
[0m[[0m[31merror[0m] [0m[0m                                                    newAttribute.append(x)[0m
[0m[[0m[31merror[0m] [0m[0m                                                                 ^[0m
[0m[[0m[31merror[0m] [0m[0m/Users/karanshah/CSE562/kshah23/src/main/scala/microbase/Microbase.scala:174:53: type mismatch;[0m
[0m[[0m[31merror[0m] [0m[0m found   : org.apache.spark.sql.catalyst.trees.TreeNode[_$9] where type _$9[0m
[0m[[0m[31merror[0m] [0m[0m required: org.apache.spark.sql.catalyst.expressions.Expression[0m
[0m[[0m[31merror[0m] [0m[0m                                        newAttribute(0)[0m
[0m[[0m[31merror[0m] [0m[0m                                                    ^[0m
[0m[[0m[31merror[0m] [0m[0m5 errors found[0m
[0m[[0m[0mdebug[0m] [0m[0mForcing garbage collection...[0m
[0m[[0m[31merror[0m] [0m[0m(Compile / [31mcompileIncremental[0m) Compilation failed[0m
[0m[[0m[31merror[0m] [0m[0mTotal time: 2 s, completed 11 Mar, 2021 8:39:30 AM[0m
[0m[[0m[0mdebug[0m] [0m[0m> Exec(shell, None, None)[0m
[0m[[0m[0mdebug[0m] [0m[0mForcing garbage collection...[0m
[0m[[0m[0minfo[0m] [0m[0mshutting down sbt server[0m
