[0m[[0m[0mdebug[0m] [0m[0m> Exec(run, Some(7441099a-81c0-43f7-ad71-f29085d1212d), Some(CommandSource(console0)))[0m
[0m[[0m[0mdebug[0m] [0m[0mEvaluating tasks: Compile / run[0m
[0m[[0m[0mdebug[0m] [0m[0mRunning task... Cancel: bloop.integrations.sbt.Offloader$$anon$1@7747cc1b, check cycles: false, forcegc: true[0m
[0m[[0m[0minfo[0m] [0m[0mcompiling 2 Scala sources to /Users/karanshah/CSE562/kshah23/target/scala-2.12/classes ...[0m
[0m[[0m[0minfo[0m] [0m[0m/Users/karanshah/CSE562/kshah23/src/main/scala/microbase/ProjectIterator.scala:1:1: [0m
[0m[[0m[0minfo[0m] [0m[0mFound names but no class, trait or object is defined in the compilation unit.[0m
[0m[[0m[0minfo[0m] [0m[0mThe incremental compiler cannot record the dependency information in such case.[0m
[0m[[0m[0minfo[0m] [0m[0mSome errors like unused import referring to a non-existent class might not be reported.[0m
[0m[[0m[0minfo[0m] [0m[0m    [0m
[0m[[0m[0minfo[0m] [0m[0mpackage microbase[0m
[0m[[0m[0minfo[0m] [0m[0m^[0m
[0m[[0m[0minfo[0m] [0m[0m/Users/karanshah/CSE562/kshah23/src/main/scala/microbase/ProjectIterator.scala:1:1: [0m
[0m[[0m[0minfo[0m] [0m[0mFound top level imports but no class, trait or object is defined in the compilation unit.[0m
[0m[[0m[0minfo[0m] [0m[0mThe incremental compiler cannot record the dependency information in such case.[0m
[0m[[0m[0minfo[0m] [0m[0mSome errors like unused import referring to a non-existent class might not be reported.[0m
[0m[[0m[0minfo[0m] [0m[0m    [0m
[0m[[0m[0minfo[0m] [0m[0mpackage microbase[0m
[0m[[0m[0minfo[0m] [0m[0m^[0m
[0m[[0m[31merror[0m] [0m[0mNonzero exit code: 1[0m
[0m[[0m[31merror[0m] [0m[0m(Compile / [31mrun[0m) Nonzero exit code: 1[0m
[0m[[0m[31merror[0m] [0m[0mTotal time: 181 s (03:01), completed 19 Mar, 2021 11:15:27 AM[0m
[0m[[0m[0mdebug[0m] [0m[0m> Exec(shell, None, None)[0m
