[0m[[0m[0mdebug[0m] [0m[0m> Exec(;Test/compile; collectAnalyses, None, Some(CommandSource(network-1)))[0m
[0m[[0m[0mdebug[0m] [0m[0mjsonRpcNotify: JsonRpcNotificationMessage(2.0, build/logMessage, {"type":4,"message":"Processing"})[0m
[0m[[0m[0mdebug[0m] [0m[0mjsonRpcNotify: JsonRpcNotificationMessage(2.0, build/logMessage, {"type":4,"message":"Done"})[0m
[0m[[0m[0mdebug[0m] [0m[0m> Exec(Test/compile, None, Some(CommandSource(network-1)))[0m
[0m[[0m[0mdebug[0m] [0m[0mjsonRpcNotify: JsonRpcNotificationMessage(2.0, build/logMessage, {"type":4,"message":"Processing"})[0m
[0m[[0m[0mdebug[0m] [0m[0mEvaluating tasks: Test / compile[0m
[0m[[0m[0mdebug[0m] [0m[0mRunning task... Cancel: bloop.integrations.sbt.Offloader$$anon$1@1310324a, check cycles: false, forcegc: true[0m
[0m[[0m[0mdebug[0m] [0m[0mjsonRpcNotify: JsonRpcNotificationMessage(2.0, build/taskStart, {"taskId":{"id":"583","parents":[]},"eventTime":1616425669675,"message":"Compiling kshah23","dataKind":"compile-task","data":{"target":{"uri":"file:/Users/karanshah/CSE562/kshah23/#kshah23/Compile"}}})[0m
[0m[[0m[0mdebug[0m] [0m[0mjsonRpcNotify: JsonRpcNotificationMessage(2.0, build/publishDiagnostics, {"textDocument":{"uri":"file:///Users/karanshah/CSE562/kshah23/src/main/scala/microbase/MyTable.scala"},"buildTarget":{"uri":"file:/Users/karanshah/CSE562/kshah23/#kshah23/Compile"},"diagnostics":[],"reset":true})[0m
[0m[[0m[0mdebug[0m] [0m[0mjsonRpcNotify: JsonRpcNotificationMessage(2.0, build/publishDiagnostics, {"textDocument":{"uri":"file:///Users/karanshah/CSE562/kshah23/src/main/scala/microbase/Microbase.scala"},"buildTarget":{"uri":"file:/Users/karanshah/CSE562/kshah23/#kshah23/Compile"},"diagnostics":[],"reset":true})[0m
[0m[[0m[0mdebug[0m] [0m[0mjsonRpcNotify: JsonRpcNotificationMessage(2.0, build/publishDiagnostics, {"textDocument":{"uri":"file:///Users/karanshah/CSE562/kshah23/src/main/scala/microbase/JoinIterator.scala"},"buildTarget":{"uri":"file:/Users/karanshah/CSE562/kshah23/#kshah23/Compile"},"diagnostics":[],"reset":true})[0m
[0m[[0m[0mdebug[0m] [0m[0mjsonRpcNotify: JsonRpcNotificationMessage(2.0, build/publishDiagnostics, {"textDocument":{"uri":"file:///Users/karanshah/CSE562/kshah23/src/main/scala/microbase/TableIterator.scala"},"buildTarget":{"uri":"file:/Users/karanshah/CSE562/kshah23/#kshah23/Compile"},"diagnostics":[{"range":{"start":{"line":0,"character":0},"end":{"line":0,"character":1}},"severity":3,"source":"sbt","message":"\nFound names but no class, trait or object is defined in the compilation unit.\nThe incremental compiler cannot record the dependency information in such case.\nSome errors like unused import referring to a non-existent class might not be reported.\n    "}],"reset":true})[0m
[0m[[0m[0mdebug[0m] [0m[0mjsonRpcNotify: JsonRpcNotificationMessage(2.0, build/publishDiagnostics, {"textDocument":{"uri":"file:///Users/karanshah/CSE562/kshah23/src/main/scala/microbase/tableIterator.scala"},"buildTarget":{"uri":"file:/Users/karanshah/CSE562/kshah23/#kshah23/Compile"},"diagnostics":[],"reset":true})[0m
[0m[[0m[0mdebug[0m] [0m[0mjsonRpcNotify: JsonRpcNotificationMessage(2.0, build/publishDiagnostics, {"textDocument":{"uri":"file:///Users/karanshah/CSE562/kshah23/src/main/scala/microbase/ProjectIterator.scala"},"buildTarget":{"uri":"file:/Users/karanshah/CSE562/kshah23/#kshah23/Compile"},"diagnostics":[],"reset":true})[0m
[0m[[0m[0mdebug[0m] [0m[0mjsonRpcNotify: JsonRpcNotificationMessage(2.0, build/taskFinish, {"taskId":{"id":"583","parents":[]},"eventTime":1616425669682,"message":"Compiled kshah23","status":1,"dataKind":"compile-report","data":{"target":{"uri":"file:/Users/karanshah/CSE562/kshah23/#kshah23/Compile"},"errors":0,"warnings":0,"time":7}})[0m
[0m[[0m[0mdebug[0m] [0m[0mjsonRpcNotify: JsonRpcNotificationMessage(2.0, build/taskStart, {"taskId":{"id":"584","parents":[]},"eventTime":1616425669685,"message":"Compiling kshah23-test","dataKind":"compile-task","data":{"target":{"uri":"file:/Users/karanshah/CSE562/kshah23/#kshah23/Test"}}})[0m
[0m[[0m[0mdebug[0m] [0m[0mjsonRpcNotify: JsonRpcNotificationMessage(2.0, build/taskFinish, {"taskId":{"id":"584","parents":[]},"eventTime":1616425669688,"message":"Compiled kshah23-test","status":1,"dataKind":"compile-report","data":{"target":{"uri":"file:/Users/karanshah/CSE562/kshah23/#kshah23/Test"},"errors":0,"warnings":0,"time":3}})[0m
[0m[[0m[32msuccess[0m] [0m[0mTotal time: 0 s, completed 22 Mar, 2021 8:37:49 PM[0m
[0m[[0m[0mdebug[0m] [0m[0mjsonRpcNotify: JsonRpcNotificationMessage(2.0, build/logMessage, {"type":4,"message":"Done"})[0m
[0m[[0m[0mdebug[0m] [0m[0m> Exec(collectAnalyses, None, Some(CommandSource(network-1)))[0m
[0m[[0m[0mdebug[0m] [0m[0mjsonRpcNotify: JsonRpcNotificationMessage(2.0, build/logMessage, {"type":4,"message":"Processing"})[0m
[0m[[0m[0mdebug[0m] [0m[0mEvaluating tasks: Compile / collectAnalyses[0m
[0m[[0m[0mdebug[0m] [0m[0mRunning task... Cancel: bloop.integrations.sbt.Offloader$$anon$1@262ac4cc, check cycles: false, forcegc: true[0m
[0m[[0m[0mdebug[0m] [0m[0manalysis location (/Users/karanshah/CSE562/kshah23/target/scala-2.12/zinc/inc_compile_2.12.zip,true)[0m
[0m[[0m[32msuccess[0m] [0m[0mTotal time: 0 s, completed 22 Mar, 2021 8:37:49 PM[0m
[0m[[0m[0mdebug[0m] [0m[0mjsonRpcNotify: JsonRpcNotificationMessage(2.0, build/logMessage, {"type":4,"message":"Done"})[0m
[0m[[0m[0mdebug[0m] [0m[0m> Exec(shell, None, None)[0m
